INFO - 06/28/24 20:30:32 - 0:00:00 - ============ Initialized logger ============
INFO - 06/28/24 20:30:32 - 0:00:00 - arch: resnet50
                                     augmentation: sample_cells_TFIDF
                                     base_lr: 4.8
                                     batch_size: 64
                                     checkpoint_freq: 25
                                     crops_for_assign: [0, 1]
                                     data_path: datasets/WDC/Test
                                     dist_url: env://
                                     dump_checkpoints: .\checkpoints
                                     dump_path: .
                                     epoch_queue_starts: 15
                                     epochs: 100
                                     epsilon: 0.05
                                     feat_dim: 128
                                     final_lr: 0
                                     freeze_prototypes_niters: 313
                                     hidden_mlp: 2048
                                     local_rank: 0
                                     nmb_prototypes: 3000
                                     percentage_crops: [0.5, 0.4, 0.6]
                                     pretrain: True
                                     queue_length: 0
                                     rank: 0
                                     seed: 31
                                     sinkhorn_iterations: 3
                                     start_warmup: 0
                                     sync_bn: pytorch
                                     syncbn_process_group_size: 8
                                     temperature: 0.1
                                     use_fp16: True
                                     warmup_epochs: 10
                                     wd: 1e-06
                                     workers: 10
                                     world_size: -1
INFO - 06/28/24 20:30:32 - 0:00:00 - The experiment will be stored in .
                                     

INFO - 06/28/24 20:30:52 - 0:00:00 - ============ Initialized logger ============
INFO - 06/28/24 20:30:52 - 0:00:00 - arch: resnet50
                                     augmentation: sample_cells_TFIDF
                                     base_lr: 4.8
                                     batch_size: 64
                                     checkpoint_freq: 25
                                     crops_for_assign: [0, 1]
                                     data_path: datasets/WDC/Test
                                     dist_url: env://
                                     dump_checkpoints: .\checkpoints
                                     dump_path: .
                                     epoch_queue_starts: 15
                                     epochs: 100
                                     epsilon: 0.05
                                     feat_dim: 128
                                     final_lr: 0
                                     freeze_prototypes_niters: 313
                                     hidden_mlp: 2048
                                     local_rank: 0
                                     nmb_prototypes: 3000
                                     percentage_crops: [0.5, 0.4, 0.6]
                                     pretrain: True
                                     queue_length: 0
                                     rank: 0
                                     seed: 31
                                     sinkhorn_iterations: 3
                                     start_warmup: 0
                                     sync_bn: pytorch
                                     syncbn_process_group_size: 8
                                     temperature: 0.1
                                     use_fp16: True
                                     warmup_epochs: 10
                                     wd: 1e-06
                                     workers: 10
                                     world_size: -1
INFO - 06/28/24 20:30:52 - 0:00:00 - The experiment will be stored in .
                                     

INFO - 06/28/24 20:31:04 - 0:00:00 - ============ Initialized logger ============
INFO - 06/28/24 20:31:04 - 0:00:00 - arch: resnet50
                                     augmentation: sample_cells_TFIDF
                                     base_lr: 4.8
                                     batch_size: 64
                                     checkpoint_freq: 25
                                     crops_for_assign: [0, 1]
                                     data_path: datasets/WDC/Test
                                     dist_url: env://
                                     dump_checkpoints: .\checkpoints
                                     dump_path: .
                                     epoch_queue_starts: 15
                                     epochs: 100
                                     epsilon: 0.05
                                     feat_dim: 128
                                     final_lr: 0
                                     freeze_prototypes_niters: 313
                                     hidden_mlp: 2048
                                     local_rank: 0
                                     nmb_prototypes: 3000
                                     percentage_crops: [0.5, 0.4, 0.6]
                                     pretrain: True
                                     queue_length: 0
                                     rank: 0
                                     seed: 31
                                     sinkhorn_iterations: 3
                                     start_warmup: 0
                                     sync_bn: pytorch
                                     syncbn_process_group_size: 8
                                     temperature: 0.1
                                     use_fp16: True
                                     warmup_epochs: 10
                                     wd: 1e-06
                                     workers: 10
                                     world_size: -1
INFO - 06/28/24 20:31:04 - 0:00:00 - The experiment will be stored in .
                                     

INFO - 06/28/24 20:31:21 - 0:00:00 - ============ Initialized logger ============
INFO - 06/28/24 20:31:21 - 0:00:00 - arch: resnet50
                                     augmentation: sample_cells_TFIDF
                                     base_lr: 4.8
                                     batch_size: 64
                                     checkpoint_freq: 25
                                     crops_for_assign: [0, 1]
                                     data_path: datasets/WDC/Test
                                     dist_url: env://
                                     dump_checkpoints: .\checkpoints
                                     dump_path: .
                                     epoch_queue_starts: 15
                                     epochs: 100
                                     epsilon: 0.05
                                     feat_dim: 128
                                     final_lr: 0
                                     freeze_prototypes_niters: 313
                                     hidden_mlp: 2048
                                     local_rank: 0
                                     nmb_prototypes: 3000
                                     percentage_crops: [0.5, 0.4, 0.6]
                                     queue_length: 0
                                     rank: 0
                                     seed: 31
                                     shuffle: True
                                     sinkhorn_iterations: 3
                                     start_warmup: 0
                                     sync_bn: pytorch
                                     syncbn_process_group_size: 8
                                     temperature: 0.1
                                     use_fp16: True
                                     warmup_epochs: 10
                                     wd: 1e-06
                                     workers: 10
                                     world_size: -1
INFO - 06/28/24 20:31:21 - 0:00:00 - The experiment will be stored in .
                                     

INFO - 06/28/24 20:34:04 - 0:00:00 - ============ Initialized logger ============
INFO - 06/28/24 20:34:04 - 0:00:00 - arch: resnet50
                                     augmentation: sample_cells_TFIDF
                                     base_lr: 4.8
                                     batch_size: 64
                                     checkpoint_freq: 25
                                     crops_for_assign: [0, 1]
                                     data_path: datasets/WDC/Test
                                     dist_url: env://
                                     dump_checkpoints: .\checkpoints
                                     dump_path: .
                                     epoch_queue_starts: 15
                                     epochs: 100
                                     epsilon: 0.05
                                     feat_dim: 128
                                     final_lr: 0
                                     freeze_prototypes_niters: 313
                                     hidden_mlp: 2048
                                     local_rank: 0
                                     nmb_prototypes: 3000
                                     percentage_crops: [0.5, 0.4, 0.6]
                                     queue_length: 0
                                     rank: 0
                                     seed: 31
                                     shuffle: True
                                     sinkhorn_iterations: 3
                                     start_warmup: 0
                                     sync_bn: pytorch
                                     syncbn_process_group_size: 8
                                     temperature: 0.1
                                     use_fp16: True
                                     warmup_epochs: 10
                                     wd: 1e-06
                                     workers: 10
                                     world_size: -1
INFO - 06/28/24 20:34:04 - 0:00:00 - The experiment will be stored in .
                                     

INFO - 06/28/24 20:34:06 - 0:00:00 - ============ Initialized logger ============
INFO - 06/28/24 20:34:06 - 0:00:00 - arch: resnet50
                                     augmentation: sample_cells_TFIDF
                                     base_lr: 4.8
                                     batch_size: 64
                                     checkpoint_freq: 25
                                     crops_for_assign: [0, 1]
                                     data_path: datasets/WDC/Test
                                     dist_url: env://
                                     dump_checkpoints: .\checkpoints
                                     dump_path: .
                                     epoch_queue_starts: 15
                                     epochs: 100
                                     epsilon: 0.05
                                     feat_dim: 128
                                     final_lr: 0
                                     freeze_prototypes_niters: 313
                                     hidden_mlp: 2048
                                     local_rank: 0
                                     nmb_prototypes: 3000
                                     percentage_crops: [0.5, 0.4, 0.6]
                                     queue_length: 0
                                     rank: 0
                                     seed: 31
                                     shuffle: True
                                     sinkhorn_iterations: 3
                                     start_warmup: 0
                                     sync_bn: pytorch
                                     syncbn_process_group_size: 8
                                     temperature: 0.1
                                     use_fp16: True
                                     warmup_epochs: 10
                                     wd: 1e-06
                                     workers: 10
                                     world_size: -1
INFO - 06/28/24 20:34:06 - 0:00:00 - The experiment will be stored in .
                                     

INFO - 06/28/24 20:34:08 - 0:00:00 - ============ Initialized logger ============
INFO - 06/28/24 20:34:08 - 0:00:00 - arch: resnet50
                                     augmentation: sample_cells_TFIDF
                                     base_lr: 4.8
                                     batch_size: 64
                                     checkpoint_freq: 25
                                     crops_for_assign: [0, 1]
                                     data_path: datasets/WDC/Test
                                     dist_url: env://
                                     dump_checkpoints: .\checkpoints
                                     dump_path: .
                                     epoch_queue_starts: 15
                                     epochs: 100
                                     epsilon: 0.05
                                     feat_dim: 128
                                     final_lr: 0
                                     freeze_prototypes_niters: 313
                                     hidden_mlp: 2048
                                     local_rank: 0
                                     nmb_prototypes: 3000
                                     percentage_crops: [0.5, 0.4, 0.6]
                                     queue_length: 0
                                     rank: 0
                                     seed: 31
                                     shuffle: True
                                     sinkhorn_iterations: 3
                                     start_warmup: 0
                                     sync_bn: pytorch
                                     syncbn_process_group_size: 8
                                     temperature: 0.1
                                     use_fp16: True
                                     warmup_epochs: 10
                                     wd: 1e-06
                                     workers: 10
                                     world_size: -1
INFO - 06/28/24 20:34:08 - 0:00:00 - The experiment will be stored in .
                                     

INFO - 06/28/24 20:34:38 - 0:00:00 - ============ Initialized logger ============
INFO - 06/28/24 20:34:38 - 0:00:00 - arch: resnet50
                                     augmentation: sample_cells_TFIDF
                                     base_lr: 4.8
                                     batch_size: 64
                                     checkpoint_freq: 25
                                     crops_for_assign: [0, 1]
                                     data_path: datasets/WDC/Test
                                     dist_url: env://
                                     dump_checkpoints: .\checkpoints
                                     dump_path: .
                                     epoch_queue_starts: 15
                                     epochs: 100
                                     epsilon: 0.05
                                     feat_dim: 128
                                     final_lr: 0
                                     freeze_prototypes_niters: 313
                                     hidden_mlp: 2048
                                     local_rank: 0
                                     nmb_prototypes: 3000
                                     percentage_crops: [0.5, 0.4, 0.6]
                                     queue_length: 0
                                     rank: 0
                                     seed: 31
                                     shuffle: True
                                     sinkhorn_iterations: 3
                                     start_warmup: 0
                                     sync_bn: pytorch
                                     syncbn_process_group_size: 8
                                     temperature: 0.1
                                     use_fp16: True
                                     warmup_epochs: 10
                                     wd: 1e-06
                                     workers: 10
                                     world_size: -1
INFO - 06/28/24 20:34:38 - 0:00:00 - The experiment will be stored in .
                                     

INFO - 06/28/24 20:35:07 - 0:00:00 - ============ Initialized logger ============
INFO - 06/28/24 20:35:07 - 0:00:00 - arch: resnet50
                                     augmentation: sample_cells_TFIDF
                                     base_lr: 4.8
                                     batch_size: 64
                                     checkpoint_freq: 25
                                     crops_for_assign: [0, 1]
                                     data_path: datasets/WDC/Test
                                     dist_url: env://
                                     dump_checkpoints: .\checkpoints
                                     dump_path: .
                                     epoch_queue_starts: 15
                                     epochs: 100
                                     epsilon: 0.05
                                     feat_dim: 128
                                     final_lr: 0
                                     freeze_prototypes_niters: 313
                                     hidden_mlp: 2048
                                     local_rank: 0
                                     nmb_prototypes: 3000
                                     percentage_crops: [0.5, 0.4, 0.6]
                                     queue_length: 0
                                     rank: 0
                                     seed: 31
                                     shuffle: True
                                     sinkhorn_iterations: 3
                                     start_warmup: 0
                                     sync_bn: pytorch
                                     syncbn_process_group_size: 8
                                     temperature: 0.1
                                     use_fp16: True
                                     warmup_epochs: 10
                                     wd: 1e-06
                                     workers: 10
                                     world_size: -1
INFO - 06/28/24 20:35:07 - 0:00:00 - The experiment will be stored in .
                                     

INFO - 06/28/24 20:36:05 - 0:00:00 - ============ Initialized logger ============
INFO - 06/28/24 20:36:05 - 0:00:00 - arch: resnet50
                                     augmentation: sample_cells_TFIDF
                                     base_lr: 4.8
                                     batch_size: 64
                                     checkpoint_freq: 25
                                     crops_for_assign: [0, 1]
                                     data_path: datasets/WDC/Test
                                     dist_url: env://
                                     dump_checkpoints: .\checkpoints
                                     dump_path: .
                                     epoch_queue_starts: 15
                                     epochs: 100
                                     epsilon: 0.05
                                     feat_dim: 128
                                     final_lr: 0
                                     freeze_prototypes_niters: 313
                                     hidden_mlp: 2048
                                     local_rank: 0
                                     nmb_prototypes: 3000
                                     percentage_crops: [0.5, 0.4, 0.6]
                                     queue_length: 0
                                     rank: 0
                                     seed: 31
                                     shuffle: True
                                     sinkhorn_iterations: 3
                                     start_warmup: 0
                                     sync_bn: pytorch
                                     syncbn_process_group_size: 8
                                     temperature: 0.1
                                     use_fp16: True
                                     warmup_epochs: 10
                                     wd: 1e-06
                                     workers: 10
                                     world_size: -1
INFO - 06/28/24 20:36:05 - 0:00:00 - The experiment will be stored in .
                                     

INFO - 06/28/24 20:36:21 - 0:00:00 - ============ Initialized logger ============
INFO - 06/28/24 20:36:21 - 0:00:00 - arch: resnet50
                                     augmentation: sample_cells_TFIDF
                                     base_lr: 4.8
                                     batch_size: 64
                                     checkpoint_freq: 25
                                     crops_for_assign: [0, 1]
                                     data_path: datasets/WDC/Test
                                     dist_url: env://
                                     dump_checkpoints: .\checkpoints
                                     dump_path: .
                                     epoch_queue_starts: 15
                                     epochs: 100
                                     epsilon: 0.05
                                     feat_dim: 128
                                     final_lr: 0
                                     freeze_prototypes_niters: 313
                                     hidden_mlp: 2048
                                     local_rank: 0
                                     nmb_prototypes: 3000
                                     percentage_crops: [0.5, 0.4, 0.6]
                                     queue_length: 0
                                     rank: 0
                                     seed: 31
                                     shuffle: True
                                     sinkhorn_iterations: 3
                                     start_warmup: 0
                                     sync_bn: pytorch
                                     syncbn_process_group_size: 8
                                     temperature: 0.1
                                     use_fp16: True
                                     warmup_epochs: 10
                                     wd: 1e-06
                                     workers: 10
                                     world_size: -1
INFO - 06/28/24 20:36:21 - 0:00:00 - The experiment will be stored in .
                                     

INFO - 06/28/24 20:37:33 - 0:00:00 - ============ Initialized logger ============
INFO - 06/28/24 20:37:33 - 0:00:00 - arch: resnet50
                                     augmentation: sample_cells_TFIDF
                                     base_lr: 4.8
                                     batch_size: 64
                                     checkpoint_freq: 25
                                     crops_for_assign: [0, 1]
                                     data_path: datasets/WDC/Test
                                     dist_url: env://
                                     dump_checkpoints: .\checkpoints
                                     dump_path: .
                                     epoch_queue_starts: 15
                                     epochs: 100
                                     epsilon: 0.05
                                     feat_dim: 128
                                     final_lr: 0
                                     freeze_prototypes_niters: 313
                                     hidden_mlp: 2048
                                     local_rank: 0
                                     nmb_prototypes: 3000
                                     percentage_crops: [0.5, 0.4, 0.6]
                                     queue_length: 0
                                     rank: 0
                                     seed: 31
                                     shuffle: True
                                     sinkhorn_iterations: 3
                                     start_warmup: 0
                                     sync_bn: pytorch
                                     syncbn_process_group_size: 8
                                     temperature: 0.1
                                     use_fp16: True
                                     warmup_epochs: 10
                                     wd: 1e-06
                                     workers: 10
                                     world_size: -1
INFO - 06/28/24 20:37:33 - 0:00:00 - The experiment will be stored in .
                                     

INFO - 06/28/24 20:37:45 - 0:00:00 - ============ Initialized logger ============
INFO - 06/28/24 20:37:45 - 0:00:00 - arch: resnet50
                                     augmentation: sample_cells_TFIDF
                                     base_lr: 4.8
                                     batch_size: 64
                                     checkpoint_freq: 25
                                     crops_for_assign: [0, 1]
                                     data_path: datasets/WDC/Test
                                     dist_url: env://
                                     dump_checkpoints: .\checkpoints
                                     dump_path: .
                                     epoch_queue_starts: 15
                                     epochs: 100
                                     epsilon: 0.05
                                     feat_dim: 128
                                     final_lr: 0
                                     freeze_prototypes_niters: 313
                                     hidden_mlp: 2048
                                     local_rank: 0
                                     nmb_prototypes: 3000
                                     percentage_crops: [0.5, 0.4, 0.6]
                                     queue_length: 0
                                     rank: 0
                                     seed: 31
                                     shuffle: True
                                     sinkhorn_iterations: 3
                                     start_warmup: 0
                                     sync_bn: pytorch
                                     syncbn_process_group_size: 8
                                     temperature: 0.1
                                     use_fp16: True
                                     warmup_epochs: 10
                                     wd: 1e-06
                                     workers: 10
                                     world_size: -1
INFO - 06/28/24 20:37:45 - 0:00:00 - The experiment will be stored in .
                                     

INFO - 06/28/24 20:59:34 - 0:00:00 - ============ Initialized logger ============
INFO - 06/28/24 20:59:34 - 0:00:00 - arch: resnet50
                                     augmentation: sample_cells_TFIDF
                                     base_lr: 4.8
                                     batch_size: 64
                                     checkpoint_freq: 25
                                     column: True
                                     crops_for_assign: [0, 1]
                                     data_path: datasets/WDC/Test
                                     dist_url: env://
                                     dump_checkpoints: .\checkpoints
                                     dump_path: .
                                     epoch_queue_starts: 15
                                     epochs: 100
                                     epsilon: 0.05
                                     feat_dim: 128
                                     final_lr: 0
                                     freeze_prototypes_niters: 313
                                     hidden_mlp: 2048
                                     local_rank: 0
                                     nmb_prototypes: 3000
                                     percentage_crops: [0.5, 0.4, 0.6]
                                     queue_length: 0
                                     rank: 0
                                     seed: 31
                                     shuffle: True
                                     sinkhorn_iterations: 3
                                     start_warmup: 0
                                     sync_bn: pytorch
                                     syncbn_process_group_size: 8
                                     temperature: 0.1
                                     use_fp16: True
                                     warmup_epochs: 10
                                     wd: 1e-06
                                     workers: 10
                                     world_size: -1
INFO - 06/28/24 20:59:34 - 0:00:00 - The experiment will be stored in .
                                     

INFO - 06/28/24 21:00:18 - 0:00:00 - ============ Initialized logger ============
INFO - 06/28/24 21:00:18 - 0:00:00 - arch: resnet50
                                     augmentation: sample_cells_TFIDF
                                     base_lr: 4.8
                                     batch_size: 64
                                     checkpoint_freq: 25
                                     column: True
                                     crops_for_assign: [0, 1]
                                     data_path: datasets/WDC/Test
                                     dist_url: env://
                                     dump_checkpoints: .\checkpoints
                                     dump_path: .
                                     epoch_queue_starts: 15
                                     epochs: 100
                                     epsilon: 0.05
                                     feat_dim: 128
                                     final_lr: 0
                                     freeze_prototypes_niters: 313
                                     hidden_mlp: 2048
                                     local_rank: 0
                                     nmb_prototypes: 3000
                                     percentage_crops: [0.5, 0.4, 0.6]
                                     queue_length: 0
                                     rank: 0
                                     seed: 31
                                     shuffle: True
                                     sinkhorn_iterations: 3
                                     start_warmup: 0
                                     sync_bn: pytorch
                                     syncbn_process_group_size: 8
                                     temperature: 0.1
                                     use_fp16: True
                                     warmup_epochs: 10
                                     wd: 1e-06
                                     workers: 10
                                     world_size: -1
INFO - 06/28/24 21:00:18 - 0:00:00 - The experiment will be stored in .
                                     

INFO - 06/28/24 21:01:15 - 0:00:00 - ============ Initialized logger ============
INFO - 06/28/24 21:01:15 - 0:00:00 - arch: resnet50
                                     augmentation: sample_cells_TFIDF
                                     base_lr: 4.8
                                     batch_size: 64
                                     checkpoint_freq: 25
                                     column: True
                                     crops_for_assign: [0, 1]
                                     data_path: datasets/WDC/Test
                                     dist_url: env://
                                     dump_checkpoints: .\checkpoints
                                     dump_path: .
                                     epoch_queue_starts: 15
                                     epochs: 100
                                     epsilon: 0.05
                                     feat_dim: 128
                                     final_lr: 0
                                     freeze_prototypes_niters: 313
                                     hidden_mlp: 2048
                                     local_rank: 0
                                     nmb_prototypes: 3000
                                     percentage_crops: [0.5, 0.4, 0.6]
                                     queue_length: 0
                                     rank: 0
                                     seed: 31
                                     shuffle: True
                                     sinkhorn_iterations: 3
                                     start_warmup: 0
                                     sync_bn: pytorch
                                     syncbn_process_group_size: 8
                                     temperature: 0.1
                                     use_fp16: True
                                     warmup_epochs: 10
                                     wd: 1e-06
                                     workers: 10
                                     world_size: -1
INFO - 06/28/24 21:01:15 - 0:00:00 - The experiment will be stored in .
                                     

INFO - 06/28/24 21:01:42 - 0:00:00 - ============ Initialized logger ============
INFO - 06/28/24 21:01:42 - 0:00:00 - arch: resnet50
                                     augmentation: sample_cells_TFIDF
                                     base_lr: 4.8
                                     batch_size: 64
                                     checkpoint_freq: 25
                                     column: True
                                     crops_for_assign: [0, 1]
                                     data_path: datasets/WDC/Test
                                     dist_url: env://
                                     dump_checkpoints: .\checkpoints
                                     dump_path: .
                                     epoch_queue_starts: 15
                                     epochs: 100
                                     epsilon: 0.05
                                     feat_dim: 128
                                     final_lr: 0
                                     freeze_prototypes_niters: 313
                                     hidden_mlp: 2048
                                     local_rank: 0
                                     nmb_prototypes: 3000
                                     percentage_crops: [0.5, 0.4, 0.6]
                                     queue_length: 0
                                     rank: 0
                                     seed: 31
                                     shuffle: True
                                     sinkhorn_iterations: 3
                                     start_warmup: 0
                                     sync_bn: pytorch
                                     syncbn_process_group_size: 8
                                     temperature: 0.1
                                     use_fp16: True
                                     warmup_epochs: 10
                                     wd: 1e-06
                                     workers: 10
                                     world_size: -1
INFO - 06/28/24 21:01:42 - 0:00:00 - The experiment will be stored in .
                                     

INFO - 06/28/24 21:02:53 - 0:00:00 - ============ Initialized logger ============
INFO - 06/28/24 21:02:53 - 0:00:00 - arch: resnet50
                                     augmentation: sample_cells_TFIDF
                                     base_lr: 4.8
                                     batch_size: 64
                                     checkpoint_freq: 25
                                     column: True
                                     crops_for_assign: [0, 1]
                                     data_path: datasets/WDC/Test
                                     dist_url: env://
                                     dump_checkpoints: .\checkpoints
                                     dump_path: .
                                     epoch_queue_starts: 15
                                     epochs: 100
                                     epsilon: 0.05
                                     feat_dim: 128
                                     final_lr: 0
                                     freeze_prototypes_niters: 313
                                     hidden_mlp: 2048
                                     local_rank: 0
                                     nmb_prototypes: 3000
                                     percentage_crops: [0.5, 0.4, 0.6]
                                     queue_length: 0
                                     rank: 0
                                     seed: 31
                                     shuffle: True
                                     sinkhorn_iterations: 3
                                     start_warmup: 0
                                     sync_bn: pytorch
                                     syncbn_process_group_size: 8
                                     temperature: 0.1
                                     use_fp16: True
                                     warmup_epochs: 10
                                     wd: 1e-06
                                     workers: 10
                                     world_size: -1
INFO - 06/28/24 21:02:53 - 0:00:00 - The experiment will be stored in .
                                     

INFO - 06/28/24 21:03:42 - 0:00:00 - ============ Initialized logger ============
INFO - 06/28/24 21:03:42 - 0:00:00 - arch: resnet50
                                     augmentation: sample_cells_TFIDF
                                     base_lr: 4.8
                                     batch_size: 64
                                     checkpoint_freq: 25
                                     column: True
                                     crops_for_assign: [0, 1]
                                     data_path: datasets/WDC/Test
                                     dist_url: env://
                                     dump_checkpoints: .\checkpoints
                                     dump_path: .
                                     epoch_queue_starts: 15
                                     epochs: 100
                                     epsilon: 0.05
                                     feat_dim: 128
                                     final_lr: 0
                                     freeze_prototypes_niters: 313
                                     hidden_mlp: 2048
                                     local_rank: 0
                                     nmb_prototypes: 3000
                                     percentage_crops: [0.5, 0.4, 0.6]
                                     queue_length: 0
                                     rank: 0
                                     seed: 31
                                     shuffle: True
                                     sinkhorn_iterations: 3
                                     start_warmup: 0
                                     sync_bn: pytorch
                                     syncbn_process_group_size: 8
                                     temperature: 0.1
                                     use_fp16: True
                                     warmup_epochs: 10
                                     wd: 1e-06
                                     workers: 10
                                     world_size: -1
INFO - 06/28/24 21:03:42 - 0:00:00 - The experiment will be stored in .
                                     

INFO - 06/28/24 21:03:55 - 0:00:00 - ============ Initialized logger ============
INFO - 06/28/24 21:03:55 - 0:00:00 - arch: resnet50
                                     augmentation: sample_cells_TFIDF
                                     base_lr: 4.8
                                     batch_size: 64
                                     checkpoint_freq: 25
                                     column: True
                                     crops_for_assign: [0, 1]
                                     data_path: datasets/WDC/Test
                                     dist_url: env://
                                     dump_checkpoints: .\checkpoints
                                     dump_path: .
                                     epoch_queue_starts: 15
                                     epochs: 100
                                     epsilon: 0.05
                                     feat_dim: 128
                                     final_lr: 0
                                     freeze_prototypes_niters: 313
                                     hidden_mlp: 2048
                                     local_rank: 0
                                     nmb_prototypes: 3000
                                     percentage_crops: [0.5, 0.4, 0.6]
                                     queue_length: 0
                                     rank: 0
                                     seed: 31
                                     shuffle: True
                                     sinkhorn_iterations: 3
                                     start_warmup: 0
                                     sync_bn: pytorch
                                     syncbn_process_group_size: 8
                                     temperature: 0.1
                                     use_fp16: True
                                     warmup_epochs: 10
                                     wd: 1e-06
                                     workers: 10
                                     world_size: -1
INFO - 06/28/24 21:03:55 - 0:00:00 - The experiment will be stored in .
                                     

INFO - 06/28/24 21:04:17 - 0:00:00 - ============ Initialized logger ============
INFO - 06/28/24 21:04:17 - 0:00:00 - arch: resnet50
                                     augmentation: sample_cells_TFIDF
                                     base_lr: 4.8
                                     batch_size: 64
                                     checkpoint_freq: 25
                                     column: False
                                     crops_for_assign: [0, 1]
                                     data_path: datasets/WDC/Test
                                     dist_url: env://
                                     dump_checkpoints: .\checkpoints
                                     dump_path: .
                                     epoch_queue_starts: 15
                                     epochs: 100
                                     epsilon: 0.05
                                     feat_dim: 128
                                     final_lr: 0
                                     freeze_prototypes_niters: 313
                                     hidden_mlp: 2048
                                     local_rank: 0
                                     nmb_prototypes: 3000
                                     percentage_crops: [0.5, 0.4, 0.6]
                                     queue_length: 0
                                     rank: 0
                                     seed: 31
                                     shuffle: True
                                     sinkhorn_iterations: 3
                                     start_warmup: 0
                                     sync_bn: pytorch
                                     syncbn_process_group_size: 8
                                     temperature: 0.1
                                     use_fp16: True
                                     warmup_epochs: 10
                                     wd: 1e-06
                                     workers: 10
                                     world_size: -1
INFO - 06/28/24 21:04:17 - 0:00:00 - The experiment will be stored in .
                                     

